{"message":"[studio-andy] Found 2 total emoji on 1 pages","level":"info"}
{"message":"[studio-andy] Found 2 emoji to save by andoshin11.","level":"info"}
{"message":"[studio-andy] saved capistrano to build/studio-andy/andoshin11/capistrano.png","level":"debug"}
{"message":"[studio-andy] saved trump-deal to build/studio-andy/andoshin11/trump-deal.png","level":"debug"}
{"message":"Cached request is still fresh. To force a new request, delete or move ./build/studio-andy.adminList.json","level":"debug"}
{"message":"[studio-andy] Found 2 emoji","level":"info"}
{"message":"[studio-andy] Attempting to upload 5 emoji to studio-andy","level":"info"}
{"message":"[studio-andy] andoshin11 uploaded successfully","level":"debug"}
{"message":"[studio-andy] slackbot uploaded successfully","level":"debug"}
{"message":"[studio-andy] error on memo: error_name_taken","level":"warning"}
{"message":"[studio-andy] github2 uploaded successfully","level":"debug"}
{"message":"[studio-andy] jarvis uploaded successfully","level":"debug"}
{"message":"\n[studio-andy] Batch upload complete.\n  total requests: 5 \n  successes: 4 \n  errors: 1","level":"info"}
{"message":"Cached request is still fresh. To force a new request, delete or move ./build/studio-andy.adminList.json","level":"debug"}
{"message":"[studio-andy] Found 2 emoji","level":"info"}
{"message":"[studio-andy] Attempting to upload 2 emoji to studio-andy","level":"info"}
{"message":"[studio-andy] slackbot uploaded successfully","level":"debug"}
{"message":"[studio-andy] andoshin11 uploaded successfully","level":"debug"}
{"message":"\n[studio-andy] Batch upload complete.\n  total requests: 2 \n  successes: 2 \n  errors: 0","level":"info"}
{"message":"[photocre] Found 173 total emoji on 1 pages","level":"info"}
{"message":"[photocre] Attempting to upload 132 emoji to photocre","level":"info"}
{"message":"[photocre] kseta uploaded successfully","level":"debug"}
{"message":"[photocre] slackbot uploaded successfully","level":"debug"}
{"message":"[photocre] oganeku uploaded successfully","level":"debug"}
{"message":"[photocre] yuki uploaded successfully","level":"debug"}
{"message":"[photocre] ueda uploaded successfully","level":"debug"}
{"message":"[photocre] choops uploaded successfully","level":"debug"}
{"message":"[photocre] daisuke-murayama uploaded successfully","level":"debug"}
{"message":"[photocre] nakamurahonami uploaded successfully","level":"debug"}
{"message":"[photocre] tokuaoi uploaded successfully","level":"debug"}
{"message":"[photocre] kasai uploaded successfully","level":"debug"}
{"message":"[photocre] kobayashi uploaded successfully","level":"debug"}
{"message":"[photocre] yoshihiko_kuga uploaded successfully","level":"debug"}
{"message":"[photocre] imagawa uploaded successfully","level":"debug"}
{"message":"[photocre] nomurat uploaded successfully","level":"debug"}
{"message":"[photocre] takashi_kobayashi uploaded successfully","level":"debug"}
{"message":"[photocre] kinoshita uploaded successfully","level":"debug"}
{"message":"[photocre] masahiro_shimoda uploaded successfully","level":"debug"}
{"message":"[photocre] ymatz uploaded successfully","level":"debug"}
{"message":"[photocre] yumiko_masago uploaded successfully","level":"debug"}
{"message":"[photocre] sdev uploaded successfully","level":"debug"}
{"message":"[photocre] tiwashita uploaded successfully","level":"debug"}
{"message":"[photocre] naoko_sato uploaded successfully","level":"debug"}
{"message":"[photocre] k_teramoto uploaded successfully","level":"debug"}
{"message":"[photocre] beestyledesign uploaded successfully","level":"debug"}
{"message":"[photocre] k_toida uploaded successfully","level":"debug"}
{"message":"[photocre] mirei_hayase uploaded successfully","level":"debug"}
{"message":"[photocre] choi uploaded successfully","level":"debug"}
{"message":"[photocre] hanako_shiozawa uploaded successfully","level":"debug"}
{"message":"[photocre] y_hamada uploaded successfully","level":"debug"}
{"message":"[photocre] katsumata_tomonari uploaded successfully","level":"debug"}
{"message":"[photocre] ide uploaded successfully","level":"debug"}
{"message":"[photocre] hashimoto uploaded successfully","level":"debug"}
{"message":"[photocre] ichiyanagi_yoshimi uploaded successfully","level":"debug"}
{"message":"[photocre] chikako_kimura uploaded successfully","level":"debug"}
{"message":"[photocre] abe_masayuki uploaded successfully","level":"debug"}
{"message":"[photocre] sachiko_izumi uploaded successfully","level":"debug"}
{"message":"[photocre] noju uploaded successfully","level":"debug"}
{"message":"[photocre] wakanamaho uploaded successfully","level":"debug"}
{"message":"[photocre] arai uploaded successfully","level":"debug"}
{"message":"[photocre] alliance_nagata uploaded successfully","level":"debug"}
{"message":"[photocre] imanaka uploaded successfully","level":"debug"}
{"message":"[photocre] kayo_kasai uploaded successfully","level":"debug"}
{"message":"[photocre] michiko_aoki uploaded successfully","level":"debug"}
{"message":"[photocre] ouk uploaded successfully","level":"debug"}
{"message":"[photocre] ryota-murakami uploaded successfully","level":"debug"}
{"message":"[photocre] hisato_tera1 uploaded successfully","level":"debug"}
{"message":"[photocre] kazuyuki_ito uploaded successfully","level":"debug"}
{"message":"[photocre] j_akatsuka uploaded successfully","level":"debug"}
{"message":"[photocre] jun_ma uploaded successfully","level":"debug"}
{"message":"[photocre] tatsuya-honma uploaded successfully","level":"debug"}
{"message":"[photocre] kawano uploaded successfully","level":"debug"}
{"message":"[photocre] h_suzuki uploaded successfully","level":"debug"}
{"message":"[photocre] kimoto-taishi uploaded successfully","level":"debug"}
{"message":"[photocre] komori uploaded successfully","level":"debug"}
{"message":"[photocre] 871p uploaded successfully","level":"debug"}
{"message":"[photocre] tomotaka_murayama uploaded successfully","level":"debug"}
{"message":"[photocre] matsukizono uploaded successfully","level":"debug"}
{"message":"[photocre] junkitamura uploaded successfully","level":"debug"}
{"message":"[photocre] yugo_yoshida uploaded successfully","level":"debug"}
{"message":"[photocre] noguchi uploaded successfully","level":"debug"}
{"message":"[photocre] daisuke_hirano uploaded successfully","level":"debug"}
{"message":"[photocre] morita uploaded successfully","level":"debug"}
{"message":"[photocre] takatosuzuki uploaded successfully","level":"debug"}
{"message":"[photocre] koiwai uploaded successfully","level":"debug"}
{"message":"[photocre] takumihoriyama uploaded successfully","level":"debug"}
{"message":"[photocre] motohiro_imura uploaded successfully","level":"debug"}
{"message":"[photocre] aya_fujimoto uploaded successfully","level":"debug"}
{"message":"[photocre] ikukoasai uploaded successfully","level":"debug"}
{"message":"[photocre] yoshiokahideki uploaded successfully","level":"debug"}
{"message":"[photocre] akiekameda uploaded successfully","level":"debug"}
{"message":"[photocre] mizuno uploaded successfully","level":"debug"}
{"message":"[photocre] yuyam uploaded successfully","level":"debug"}
{"message":"[photocre] bomujunpark uploaded successfully","level":"debug"}
{"message":"[photocre] yanagawa uploaded successfully","level":"debug"}
{"message":"[photocre] ai_asada uploaded successfully","level":"debug"}
{"message":"[photocre] masafumi_kitada uploaded successfully","level":"debug"}
{"message":"[photocre] kensuke_tanaka uploaded successfully","level":"debug"}
{"message":"[photocre] tatsuya_kondo uploaded successfully","level":"debug"}
{"message":"[photocre] nanaho_sakurai uploaded successfully","level":"debug"}
{"message":"[photocre] fumina_yamashiro uploaded successfully","level":"debug"}
{"message":"[photocre] tomohiroakino uploaded successfully","level":"debug"}
{"message":"[photocre] harada_toshi uploaded successfully","level":"debug"}
{"message":"[photocre] ichizyou uploaded successfully","level":"debug"}
{"message":"[photocre] yuichi_watanabe uploaded successfully","level":"debug"}
{"message":"[photocre] namiki uploaded successfully","level":"debug"}
{"message":"[photocre] ayumi_ohyama uploaded successfully","level":"debug"}
{"message":"[photocre] masanori_ito uploaded successfully","level":"debug"}
{"message":"[photocre] kurasawah uploaded successfully","level":"debug"}
{"message":"[photocre] nishiok uploaded successfully","level":"debug"}
{"message":"[photocre] shintaro_yoda uploaded successfully","level":"debug"}
{"message":"[photocre] hhatano uploaded successfully","level":"debug"}
{"message":"[photocre] shotaro_shimizu uploaded successfully","level":"debug"}
{"message":"[photocre] hambam uploaded successfully","level":"debug"}
{"message":"[photocre] kurita uploaded successfully","level":"debug"}
{"message":"[photocre] chisa_kato uploaded successfully","level":"debug"}
{"message":"[photocre] atsushi_maeno uploaded successfully","level":"debug"}
{"message":"[photocre] takahiro_hosoda uploaded successfully","level":"debug"}
{"message":"[photocre] masayuki_fujii uploaded successfully","level":"debug"}
{"message":"[photocre] kitamura uploaded successfully","level":"debug"}
{"message":"[photocre] masanori-miyajima uploaded successfully","level":"debug"}
{"message":"[photocre] enomoto_mari uploaded successfully","level":"debug"}
{"message":"[photocre] yukikudo uploaded successfully","level":"debug"}
{"message":"[photocre] kawashima uploaded successfully","level":"debug"}
{"message":"[photocre] satoshi_miyanohata uploaded successfully","level":"debug"}
{"message":"Cached request is still fresh. To force a new request, delete or move ./build/photocre.adminList.json","level":"debug"}
{"message":"[photocre] Found 173 emoji","level":"info"}
{"message":"[photocre] Attempting to upload 63 emoji to photocre","level":"info"}
{"message":"[photocre] error on takahiro_hosoda: error_name_taken","level":"warning"}
{"message":"[photocre] error on kensuke_tanaka: error_name_taken","level":"warning"}
{"message":"[photocre] error on tomotaka_murayama: error_name_taken","level":"warning"}
{"message":"[photocre] error on yugo_yoshida: error_name_taken","level":"warning"}
{"message":"[photocre] error on yuichi_watanabe: error_name_taken","level":"warning"}
{"message":"[photocre] error on ai_asada: error_name_taken","level":"warning"}
{"message":"[photocre] error on aya_fujimoto: error_name_taken","level":"warning"}
{"message":"[photocre] error on hisato_tera1: error_name_taken","level":"warning"}
{"message":"[photocre] naoki_kitamura uploaded successfully","level":"debug"}
{"message":"[photocre] kobayashi924 uploaded successfully","level":"debug"}
{"message":"[photocre] error on shotaro_shimizu: error_name_taken","level":"warning"}
{"message":"[photocre] error on masafumi_kitada: error_name_taken","level":"warning"}
{"message":"[photocre] yoshida uploaded successfully","level":"debug"}
{"message":"[photocre] error on nanaho_sakurai: error_name_taken","level":"warning"}
{"message":"[photocre] yuta_kikuchi uploaded successfully","level":"debug"}
{"message":"[photocre] daiki_maeda uploaded successfully","level":"debug"}
{"message":"[photocre] nori_yoshikawa uploaded successfully","level":"debug"}
{"message":"[photocre] fumiki_takizawa uploaded successfully","level":"debug"}
{"message":"Cached request is still fresh. To force a new request, delete or move ./build/photocre.adminList.json","level":"debug"}
{"message":"[photocre] Found 173 emoji","level":"info"}
{"message":"[photocre] Attempting to upload 61 emoji to photocre","level":"info"}
{"message":"[photocre] error on motohiro_imura: error_name_taken","level":"warning"}
{"message":"[photocre] error on yuta_kikuchi: error_name_taken","level":"warning"}
{"message":"[photocre] error on mirei_hayase: error_name_taken","level":"warning"}
{"message":"[photocre] error on h_suzuki: error_name_taken","level":"warning"}
{"message":"[photocre] error on fumina_yamashiro: error_name_taken","level":"warning"}
{"message":"[photocre] error on yugo_yoshida: error_name_taken","level":"warning"}
{"message":"[photocre] error on yuichi_watanabe: error_name_taken","level":"warning"}
{"message":"[photocre] kouya_hachiya uploaded successfully","level":"debug"}
{"message":"[photocre] shunji_tsutsumida uploaded successfully","level":"debug"}
{"message":"[photocre] error on atsushi_maeno: error_name_taken","level":"warning"}
{"message":"[photocre] error on takahiro_hosoda: error_name_taken","level":"warning"}
{"message":"[photocre] miyazaki uploaded successfully","level":"debug"}
{"message":"[photocre] error on nori_yoshikawa: error_name_taken","level":"warning"}
{"message":"[photocre] error on masafumi_kitada: error_name_taken","level":"warning"}
{"message":"[photocre] error on daiki_maeda: error_name_taken","level":"warning"}
{"message":"[photocre] ishida uploaded successfully","level":"debug"}
{"message":"[photocre] shingo_kadomatsu uploaded successfully","level":"debug"}
{"message":"[photocre] error on shotaro_shimizu: error_name_taken","level":"warning"}
{"message":"[photocre] ayaka_yonekawa uploaded successfully","level":"debug"}
{"message":"[photocre] error on nanaho_sakurai: error_name_taken","level":"warning"}
{"message":"[photocre] error on naoki_kitamura: error_name_taken","level":"warning"}
{"message":"[photocre] wataru_takahashi uploaded successfully","level":"debug"}
{"message":"[photocre] hideomi_takamatsu uploaded successfully","level":"debug"}
{"message":"[photocre] error on fumiki_takizawa: error_name_taken","level":"warning"}
{"message":"[photocre] y_hayashi uploaded successfully","level":"debug"}
{"message":"[photocre] error on satoshi_miyanohata: error_name_taken","level":"warning"}
{"message":"[photocre] error on aya_fujimoto: error_name_taken","level":"warning"}
{"message":"[photocre] error on hisato_tera1: error_name_taken","level":"warning"}
{"message":"[photocre] takuya_yamaguchi uploaded successfully","level":"debug"}
{"message":"[photocre] error on chisa_kato: error_name_taken","level":"warning"}
{"message":"[photocre] masayoshi_sakamoto uploaded successfully","level":"debug"}
{"message":"[photocre] error on kensuke_tanaka: error_name_taken","level":"warning"}
{"message":"[photocre] error on tomotaka_murayama: error_name_taken","level":"warning"}
{"message":"[photocre] sonuku_kim uploaded successfully","level":"debug"}
{"message":"[photocre] error on daisuke_hirano: error_name_taken","level":"warning"}
{"message":"[photocre] error on ai_asada: error_name_taken","level":"warning"}
{"message":"[photocre] error on shintaro_yoda: error_name_taken","level":"warning"}
{"message":"[photocre] error on tatsuya_kondo: error_name_taken","level":"warning"}
{"message":"[photocre] hiroki_mizunuma uploaded successfully","level":"debug"}
{"message":"[photocre] error on masayuki_fujii: error_name_taken","level":"warning"}
{"message":"[photocre] error on harada_toshi: error_name_taken","level":"warning"}
{"message":"[photocre] error on sachiko_izumi: error_name_taken","level":"warning"}
{"message":"[photocre] error on yumiko_masago: error_name_taken","level":"warning"}
{"message":"[photocre] error on michiko_aoki: error_name_taken","level":"warning"}
{"message":"[photocre] error on masahiro_shimoda: error_name_taken","level":"warning"}
{"message":"[photocre] shin_ando uploaded successfully","level":"debug"}
{"message":"[photocre] satoshi_sekine uploaded successfully","level":"debug"}
{"message":"[photocre] noriko_ohyama uploaded successfully","level":"debug"}
{"message":"[photocre] t_miyamoto uploaded successfully","level":"debug"}
{"message":"Cached request is still fresh. To force a new request, delete or move ./build/photocre.adminList.json","level":"debug"}
{"message":"[photocre] Found 173 emoji","level":"info"}
{"message":"[photocre] Attempting to upload 56 emoji to photocre","level":"info"}
{"message":"[photocre] error on shotaro_shimizu: error_name_taken","level":"warning"}
{"message":"[photocre] error on atsushi_maeno: error_name_taken","level":"warning"}
{"message":"[photocre] error on tomotaka_murayama: error_name_taken","level":"warning"}
{"message":"[photocre] error on masayuki_fujii: error_name_taken","level":"warning"}
{"message":"[photocre] error on fumiki_takizawa: error_name_taken","level":"warning"}
{"message":"[photocre] error on shingo_kadomatsu: error_name_taken","level":"warning"}
{"message":"[photocre] error on takuya_yamaguchi: error_name_taken","level":"warning"}
{"message":"[photocre] error on kensuke_tanaka: error_name_taken","level":"warning"}
{"message":"[photocre] error on yugo_yoshida: error_name_taken","level":"warning"}
{"message":"[photocre] error on fumina_yamashiro: error_name_taken","level":"warning"}
{"message":"Cached request is still fresh. To force a new request, delete or move ./build/photocre.adminList.json","level":"debug"}
{"message":"[photocre] Found 173 emoji","level":"info"}
{"message":"[photocre] Attempting to upload 56 emoji to photocre","level":"info"}
{"message":"[photocre] error on naoki_kitamura: error_name_taken","level":"warning"}
{"message":"[photocre] error on tomotaka_murayama: error_name_taken","level":"warning"}
{"message":"[photocre] error on ai_asada: error_name_taken","level":"warning"}
{"message":"[photocre] error on takuya_yamaguchi: error_name_taken","level":"warning"}
{"message":"[photocre] error on kensuke_tanaka: error_name_taken","level":"warning"}
{"message":"[photocre] error on shunji_tsutsumida: error_name_taken","level":"warning"}
{"message":"[photocre] error on hisato_tera1: error_name_taken","level":"warning"}
{"message":"[photocre] error on noriko_ohyama: error_name_taken","level":"warning"}
{"message":"[photocre] error on yugo_yoshida: error_name_taken","level":"warning"}
{"message":"[photocre] error on daisuke_hirano: error_name_taken","level":"warning"}
{"message":"[photocre] error on fumiki_takizawa: error_name_taken","level":"warning"}
{"message":"[photocre] error on shotaro_shimizu: error_name_taken","level":"warning"}
{"message":"[photocre] error on shingo_kadomatsu: error_name_taken","level":"warning"}
{"message":"[photocre] error on hiroki_mizunuma: error_name_taken","level":"warning"}
{"message":"[photocre] error on mirei_hayase: error_name_taken","level":"warning"}
{"message":"[photocre] error on aya_fujimoto: error_name_taken","level":"warning"}
{"message":"[photocre] error on yuichi_watanabe: error_name_taken","level":"warning"}
{"message":"[photocre] error on atsushi_maeno: error_name_taken","level":"warning"}
{"message":"[photocre] error on nanaho_sakurai: error_name_taken","level":"warning"}
{"message":"[photocre] error on fumina_yamashiro: error_name_taken","level":"warning"}
{"message":"[photocre] error on kouya_hachiya: error_name_taken","level":"warning"}
{"message":"[photocre] error on nori_yoshikawa: error_name_taken","level":"warning"}
{"message":"[photocre] error on motohiro_imura: error_name_taken","level":"warning"}
{"message":"[photocre] error on daiki_maeda: error_name_taken","level":"warning"}
{"message":"[photocre] error on yuta_kikuchi: error_name_taken","level":"warning"}
{"message":"[photocre] error on shin_ando: error_name_taken","level":"warning"}
{"message":"[photocre] error on masafumi_kitada: error_name_taken","level":"warning"}
{"message":"[photocre] error on sonuku_kim: error_name_taken","level":"warning"}
{"message":"[photocre] error on chisa_kato: error_name_taken","level":"warning"}
{"message":"[photocre] error on tatsuya_kondo: error_name_taken","level":"warning"}
{"message":"[photocre] error on masayuki_fujii: error_name_taken","level":"warning"}
{"message":"[photocre] error on masayoshi_sakamoto: error_name_taken","level":"warning"}
{"message":"[photocre] error on satoshi_miyanohata: error_name_taken","level":"warning"}
{"message":"[photocre] error on shintaro_yoda: error_name_taken","level":"warning"}
{"message":"[photocre] error on takahiro_hosoda: error_name_taken","level":"warning"}
{"message":"[photocre] error on wataru_takahashi: error_name_taken","level":"warning"}
{"message":"[photocre] error on harada_toshi: error_name_taken","level":"warning"}
{"message":"[photocre] error on sachiko_izumi: error_name_taken","level":"warning"}
{"message":"[photocre] error on chikako_kimura: error_name_taken","level":"warning"}
{"message":"[photocre] error on hanako_shiozawa: error_name_taken","level":"warning"}
{"message":"[photocre] error on naoko_sato: error_name_taken","level":"warning"}
{"message":"[photocre] error on ayaka_yonekawa: error_name_taken","level":"warning"}
{"message":"[photocre] error on takashi_kobayashi: error_name_taken","level":"warning"}
{"message":"[photocre] error on hideomi_takamatsu: error_name_taken","level":"warning"}
{"message":"[photocre] shusuke_kikuchi uploaded successfully","level":"debug"}
{"message":"[photocre] error on masahiro_shimoda: error_name_taken","level":"warning"}
{"message":"[photocre] error on abe_masayuki: error_name_taken","level":"warning"}
{"message":"[photocre] error on ichiyanagi_yoshimi: error_name_taken","level":"warning"}
{"message":"[photocre] error on katsumata_tomonari: error_name_taken","level":"warning"}
{"message":"[photocre] error on michiko_aoki: error_name_taken","level":"warning"}
{"message":"[photocre] admin uploaded successfully","level":"debug"}
{"message":"[photocre] error on kayo_kasai: error_name_taken","level":"warning"}
{"message":"[photocre] s_funaki uploaded successfully","level":"debug"}
{"message":"[photocre] error on yumiko_masago: error_name_taken","level":"warning"}
{"message":"[photocre] kobayashi247 uploaded successfully","level":"debug"}
{"message":"Cached request is still fresh. To force a new request, delete or move ./build/photocre.adminList.json","level":"debug"}
{"message":"[photocre] Found 173 emoji","level":"info"}
{"message":"[photocre] Attempting to upload 0 emoji to photocre","level":"info"}
{"message":"\n[photocre] Batch upload complete.\n  total requests: 0 \n  successes: 0 \n  errors: 0","level":"info"}
